# JRE version: OpenJDK Runtime Environment Microsoft-8035246 (17.0.8+7) (build 17.0.8+7-LTS)
# Java VM: OpenJDK 64-Bit Server VM Microsoft-8035246 (17.0.8+7-LTS, mixed mode, sharing, tiered, compressed oops, compressed class ptrs, g1 gc, windows-amd64)
GC Precious Log:
 CPUs: 8 total, 8 available
 Memory: 16192M
 Large Page Support: Disabled
 NUMA Support: Disabled
 Compressed Oops: Enabled (32-bit)
 Heap Region Size: 1M
 Heap Min Capacity: 8M
 Heap Initial Capacity: 254M
 Heap Max Capacity: 2G
 Pre-touch: Disabled
 Parallel Workers: 8
 Concurrent Workers: 2
 Concurrent Refinement Workers: 8
 Periodic GC: Disabled
Heap:
 garbage-first heap   total 364544K, used 268739K [0x0000000080000000, 0x0000000100000000)
  region size 1024K, 32 young (32768K), 5 survivors (5120K)
 Metaspace       used 110091K, committed 111488K, reserved 557056K
  class space    used 15412K, committed 16064K, reserved 425984K
GC Heap History (20 events):
Event: 27.895 GC heap before
{Heap before GC invocations=55 (full 0):
 garbage-first heap   total 244736K, used 203877K [0x0000000080000000, 0x0000000100000000)
  region size 1024K, 46 young (47104K), 6 survivors (6144K)
 Metaspace       used 102717K, committed 103936K, reserved 557056K
  class space    used 14516K, committed 15040K, reserved 425984K
}
Event: 27.903 GC heap after
{Heap after GC invocations=56 (full 0):
 garbage-first heap   total 244736K, used 169070K [0x0000000080000000, 0x0000000100000000)
  region size 1024K, 6 young (6144K), 6 survivors (6144K)
 Metaspace       used 102717K, committed 103936K, reserved 557056K
  class space    used 14516K, committed 15040K, reserved 425984K
}
Event: 28.149 GC heap before
{Heap before GC invocations=56 (full 0):
 garbage-first heap   total 244736K, used 204910K [0x0000000080000000, 0x0000000100000000)
  region size 1024K, 41 young (41984K), 6 survivors (6144K)
 Metaspace       used 102749K, committed 103936K, reserved 557056K
  class space    used 14518K, committed 15040K, reserved 425984K
}
Event: 28.163 GC heap after
{Heap after GC invocations=57 (full 0):
 garbage-first heap   total 244736K, used 176128K [0x0000000080000000, 0x0000000100000000)
  region size 1024K, 6 young (6144K), 6 survivors (6144K)
 Metaspace       used 102749K, committed 103936K, reserved 557056K
  class space    used 14518K, committed 15040K, reserved 425984K
}
Event: 28.535 GC heap before
{Heap before GC invocations=57 (full 0):
 garbage-first heap   total 244736K, used 207872K [0x0000000080000000, 0x0000000100000000)
  region size 1024K, 36 young (36864K), 6 survivors (6144K)
 Metaspace       used 103065K, committed 104256K, reserved 557056K
  class space    used 14550K, committed 15104K, reserved 425984K
}
Event: 28.546 GC heap after
{Heap after GC invocations=58 (full 0):
 garbage-first heap   total 364544K, used 182026K [0x0000000080000000, 0x0000000100000000)
  region size 1024K, 5 young (5120K), 5 survivors (5120K)
 Metaspace       used 103065K, committed 104256K, reserved 557056K
  class space    used 14550K, committed 15104K, reserved 425984K
}
Event: 29.772 GC heap before
{Heap before GC invocations=58 (full 0):
 garbage-first heap   total 364544K, used 287498K [0x0000000080000000, 0x0000000100000000)
  region size 1024K, 106 young (108544K), 5 survivors (5120K)
 Metaspace       used 104057K, committed 105344K, reserved 557056K
  class space    used 14659K, committed 15232K, reserved 425984K
}
Event: 29.795 GC heap after
{Heap after GC invocations=59 (full 0):
 garbage-first heap   total 364544K, used 205276K [0x0000000080000000, 0x0000000100000000)
  region size 1024K, 14 young (14336K), 14 survivors (14336K)
 Metaspace       used 104057K, committed 105344K, reserved 557056K
  class space    used 14659K, committed 15232K, reserved 425984K
}
Event: 30.972 GC heap before
{Heap before GC invocations=59 (full 0):
 garbage-first heap   total 364544K, used 288220K [0x0000000080000000, 0x0000000100000000)
  region size 1024K, 95 young (97280K), 14 survivors (14336K)
 Metaspace       used 108585K, committed 109952K, reserved 557056K
  class space    used 15276K, committed 15936K, reserved 425984K
}
Event: 30.992 GC heap after
{Heap after GC invocations=60 (full 0):
 garbage-first heap   total 364544K, used 215983K [0x0000000080000000, 0x0000000100000000)
  region size 1024K, 10 young (10240K), 10 survivors (10240K)
 Metaspace       used 108585K, committed 109952K, reserved 557056K
  class space    used 15276K, committed 15936K, reserved 425984K
}
Event: 31.752 GC heap before
{Heap before GC invocations=60 (full 0):
 garbage-first heap   total 364544K, used 293807K [0x0000000080000000, 0x0000000100000000)
  region size 1024K, 86 young (88064K), 10 survivors (10240K)
 Metaspace       used 109058K, committed 110400K, reserved 557056K
  class space    used 15299K, committed 15936K, reserved 425984K
}
Event: 31.770 GC heap after
{Heap after GC invocations=61 (full 0):
 garbage-first heap   total 364544K, used 224426K [0x0000000080000000, 0x0000000100000000)
  region size 1024K, 8 young (8192K), 8 survivors (8192K)
 Metaspace       used 109058K, committed 110400K, reserved 557056K
  class space    used 15299K, committed 15936K, reserved 425984K
}
Event: 32.453 GC heap before
{Heap before GC invocations=61 (full 0):
 garbage-first heap   total 364544K, used 298154K [0x0000000080000000, 0x0000000100000000)
  region size 1024K, 80 young (81920K), 8 survivors (8192K)
 Metaspace       used 109639K, committed 111104K, reserved 557056K
  class space    used 15364K, committed 16064K, reserved 425984K
}
Event: 32.469 GC heap after
{Heap after GC invocations=62 (full 0):
 garbage-first heap   total 364544K, used 232746K [0x0000000080000000, 0x0000000100000000)
  region size 1024K, 9 young (9216K), 9 survivors (9216K)
 Metaspace       used 109639K, committed 111104K, reserved 557056K
  class space    used 15364K, committed 16064K, reserved 425984K
}
Event: 33.030 GC heap before
{Heap before GC invocations=62 (full 0):
 garbage-first heap   total 364544K, used 301354K [0x0000000080000000, 0x0000000100000000)
  region size 1024K, 76 young (77824K), 9 survivors (9216K)
 Metaspace       used 109973K, committed 111424K, reserved 557056K
  class space    used 15401K, committed 16064K, reserved 425984K
}
Event: 33.044 GC heap after
{Heap after GC invocations=63 (full 0):
 garbage-first heap   total 364544K, used 236703K [0x0000000080000000, 0x0000000100000000)
  region size 1024K, 6 young (6144K), 6 survivors (6144K)
 Metaspace       used 109973K, committed 111424K, reserved 557056K
  class space    used 15401K, committed 16064K, reserved 425984K
}
Event: 33.555 GC heap before
{Heap before GC invocations=63 (full 0):
 garbage-first heap   total 364544K, used 303263K [0x0000000080000000, 0x0000000100000000)
  region size 1024K, 72 young (73728K), 6 survivors (6144K)
 Metaspace       used 109973K, committed 111424K, reserved 557056K
  class space    used 15401K, committed 16064K, reserved 425984K
}
Event: 33.564 GC heap after
{Heap after GC invocations=64 (full 0):
 garbage-first heap   total 364544K, used 239239K [0x0000000080000000, 0x0000000100000000)
  region size 1024K, 5 young (5120K), 5 survivors (5120K)
 Metaspace       used 109973K, committed 111424K, reserved 557056K
  class space    used 15401K, committed 16064K, reserved 425984K
}
Event: 34.267 GC heap before
{Heap before GC invocations=64 (full 0):
 garbage-first heap   total 364544K, used 306823K [0x0000000080000000, 0x0000000100000000)
  region size 1024K, 71 young (72704K), 5 survivors (5120K)
 Metaspace       used 109976K, committed 111424K, reserved 557056K
  class space    used 15402K, committed 16064K, reserved 425984K
}
Event: 34.272 GC heap after
{Heap after GC invocations=65 (full 0):
 garbage-first heap   total 364544K, used 242115K [0x0000000080000000, 0x0000000100000000)
  region size 1024K, 5 young (5120K), 5 survivors (5120K)
 Metaspace       used 109976K, committed 111424K, reserved 557056K
  class space    used 15402K, committed 16064K, reserved 425984K
}

