# JRE version: OpenJDK Runtime Environment Microsoft-8035246 (17.0.8+7) (build 17.0.8+7-LTS)
# Java VM: OpenJDK 64-Bit Server VM Microsoft-8035246 (17.0.8+7-LTS, mixed mode, sharing, tiered, compressed oops, compressed class ptrs, g1 gc, windows-amd64)
GC Precious Log:
 CPUs: 8 total, 8 available
 Memory: 16192M
 Large Page Support: Disabled
 NUMA Support: Disabled
 Compressed Oops: Enabled (32-bit)
 Heap Region Size: 1M
 Heap Min Capacity: 8M
 Heap Initial Capacity: 254M
 Heap Max Capacity: 2G
 Pre-touch: Disabled
 Parallel Workers: 8
 Concurrent Workers: 2
 Concurrent Refinement Workers: 8
 Periodic GC: Disabled
Heap:
 garbage-first heap   total 345088K, used 261414K [0x0000000080000000, 0x0000000100000000)
  region size 1024K, 29 young (29696K), 5 survivors (5120K)
 Metaspace       used 110165K, committed 111616K, reserved 557056K
  class space    used 15397K, committed 16064K, reserved 425984K
GC Heap History (20 events):
Event: 57.271 GC heap before
{Heap before GC invocations=46 (full 0):
 garbage-first heap   total 345088K, used 250739K [0x0000000080000000, 0x0000000100000000)
  region size 1024K, 155 young (158720K), 11 survivors (11264K)
 Metaspace       used 93440K, committed 94400K, reserved 557056K
  class space    used 13249K, committed 13696K, reserved 425984K
}
Event: 57.303 GC heap after
{Heap after GC invocations=47 (full 0):
 garbage-first heap   total 345088K, used 115458K [0x0000000080000000, 0x0000000100000000)
  region size 1024K, 20 young (20480K), 20 survivors (20480K)
 Metaspace       used 93440K, committed 94400K, reserved 557056K
  class space    used 13249K, committed 13696K, reserved 425984K
}
Event: 61.230 GC heap before
{Heap before GC invocations=47 (full 0):
 garbage-first heap   total 345088K, used 261890K [0x0000000080000000, 0x0000000100000000)
  region size 1024K, 156 young (159744K), 20 survivors (20480K)
 Metaspace       used 95478K, committed 96576K, reserved 557056K
  class space    used 13459K, committed 13952K, reserved 425984K
}
Event: 61.269 GC heap after
{Heap after GC invocations=48 (full 0):
 garbage-first heap   total 345088K, used 148619K [0x0000000080000000, 0x0000000100000000)
  region size 1024K, 20 young (20480K), 20 survivors (20480K)
 Metaspace       used 95478K, committed 96576K, reserved 557056K
  class space    used 13459K, committed 13952K, reserved 425984K
}
Event: 64.177 GC heap before
{Heap before GC invocations=48 (full 0):
 garbage-first heap   total 345088K, used 256139K [0x0000000080000000, 0x0000000100000000)
  region size 1024K, 125 young (128000K), 20 survivors (20480K)
 Metaspace       used 100743K, committed 101888K, reserved 557056K
  class space    used 14229K, committed 14784K, reserved 425984K
}
Event: 64.196 GC heap after
{Heap after GC invocations=49 (full 0):
 garbage-first heap   total 345088K, used 159602K [0x0000000080000000, 0x0000000100000000)
  region size 1024K, 9 young (9216K), 9 survivors (9216K)
 Metaspace       used 100743K, committed 101888K, reserved 557056K
  class space    used 14229K, committed 14784K, reserved 425984K
}
Event: 66.933 GC heap before
{Heap before GC invocations=49 (full 0):
 garbage-first heap   total 345088K, used 264050K [0x0000000080000000, 0x0000000100000000)
  region size 1024K, 111 young (113664K), 9 survivors (9216K)
 Metaspace       used 102957K, committed 104064K, reserved 557056K
  class space    used 14508K, committed 15040K, reserved 425984K
}
Event: 66.969 GC heap after
{Heap after GC invocations=50 (full 0):
 garbage-first heap   total 345088K, used 174688K [0x0000000080000000, 0x0000000100000000)
  region size 1024K, 14 young (14336K), 14 survivors (14336K)
 Metaspace       used 102957K, committed 104064K, reserved 557056K
  class space    used 14508K, committed 15040K, reserved 425984K
}
Event: 70.185 GC heap before
{Heap before GC invocations=50 (full 0):
 garbage-first heap   total 345088K, used 269920K [0x0000000080000000, 0x0000000100000000)
  region size 1024K, 106 young (108544K), 14 survivors (14336K)
 Metaspace       used 103803K, committed 105088K, reserved 557056K
  class space    used 14601K, committed 15168K, reserved 425984K
}
Event: 70.220 GC heap after
{Heap after GC invocations=51 (full 0):
 garbage-first heap   total 345088K, used 194918K [0x0000000080000000, 0x0000000100000000)
  region size 1024K, 14 young (14336K), 14 survivors (14336K)
 Metaspace       used 103803K, committed 105088K, reserved 557056K
  class space    used 14601K, committed 15168K, reserved 425984K
}
Event: 72.294 GC heap before
{Heap before GC invocations=51 (full 0):
 garbage-first heap   total 345088K, used 273766K [0x0000000080000000, 0x0000000100000000)
  region size 1024K, 90 young (92160K), 14 survivors (14336K)
 Metaspace       used 106709K, committed 108032K, reserved 557056K
  class space    used 15047K, committed 15616K, reserved 425984K
}
Event: 72.332 GC heap after
{Heap after GC invocations=52 (full 0):
 garbage-first heap   total 345088K, used 209595K [0x0000000080000000, 0x0000000100000000)
  region size 1024K, 12 young (12288K), 12 survivors (12288K)
 Metaspace       used 106709K, committed 108032K, reserved 557056K
  class space    used 15047K, committed 15616K, reserved 425984K
}
Event: 74.601 GC heap before
{Heap before GC invocations=52 (full 0):
 garbage-first heap   total 345088K, used 277179K [0x0000000080000000, 0x0000000100000000)
  region size 1024K, 78 young (79872K), 12 survivors (12288K)
 Metaspace       used 109005K, committed 110336K, reserved 557056K
  class space    used 15287K, committed 15872K, reserved 425984K
}
Event: 74.633 GC heap after
{Heap after GC invocations=53 (full 0):
 garbage-first heap   total 345088K, used 220391K [0x0000000080000000, 0x0000000100000000)
  region size 1024K, 10 young (10240K), 10 survivors (10240K)
 Metaspace       used 109005K, committed 110336K, reserved 557056K
  class space    used 15287K, committed 15872K, reserved 425984K
}
Event: 76.602 GC heap before
{Heap before GC invocations=53 (full 0):
 garbage-first heap   total 345088K, used 280807K [0x0000000080000000, 0x0000000100000000)
  region size 1024K, 69 young (70656K), 10 survivors (10240K)
 Metaspace       used 109269K, committed 110592K, reserved 557056K
  class space    used 15290K, committed 15936K, reserved 425984K
}
Event: 76.637 GC heap after
{Heap after GC invocations=54 (full 0):
 garbage-first heap   total 345088K, used 227128K [0x0000000080000000, 0x0000000100000000)
  region size 1024K, 6 young (6144K), 6 survivors (6144K)
 Metaspace       used 109269K, committed 110592K, reserved 557056K
  class space    used 15290K, committed 15936K, reserved 425984K
}
Event: 78.388 GC heap before
{Heap before GC invocations=54 (full 0):
 garbage-first heap   total 345088K, used 284472K [0x0000000080000000, 0x0000000100000000)
  region size 1024K, 63 young (64512K), 6 survivors (6144K)
 Metaspace       used 109791K, committed 111168K, reserved 557056K
  class space    used 15355K, committed 16000K, reserved 425984K
}
Event: 78.413 GC heap after
{Heap after GC invocations=55 (full 0):
 garbage-first heap   total 345088K, used 234504K [0x0000000080000000, 0x0000000100000000)
  region size 1024K, 8 young (8192K), 8 survivors (8192K)
 Metaspace       used 109791K, committed 111168K, reserved 557056K
  class space    used 15355K, committed 16000K, reserved 425984K
}
Event: 80.211 GC heap before
{Heap before GC invocations=55 (full 0):
 garbage-first heap   total 345088K, used 286728K [0x0000000080000000, 0x0000000100000000)
  region size 1024K, 60 young (61440K), 8 survivors (8192K)
 Metaspace       used 110162K, committed 111616K, reserved 557056K
  class space    used 15397K, committed 16064K, reserved 425984K
}
Event: 80.230 GC heap after
{Heap after GC invocations=56 (full 0):
 garbage-first heap   total 345088K, used 237862K [0x0000000080000000, 0x0000000100000000)
  region size 1024K, 5 young (5120K), 5 survivors (5120K)
 Metaspace       used 110162K, committed 111616K, reserved 557056K
  class space    used 15397K, committed 16064K, reserved 425984K
}

